Analysis & Synthesis report for LiningMachine
Tue Nov 21 08:40:32 2017
Quartus II Version 8.1 Build 163 10/28/2008 SJ Web Edition


---------------------
; Table of Contents ;
---------------------
  1. Legal Notice
  2. Analysis & Synthesis Summary
  3. Analysis & Synthesis Settings
  4. Analysis & Synthesis Source Files Read
  5. Analysis & Synthesis Resource Usage Summary
  6. Analysis & Synthesis Resource Utilization by Entity
  7. General Register Statistics
  8. Analysis & Synthesis Messages



----------------
; Legal Notice ;
----------------
Copyright (C) 1991-2008 Altera Corporation
Your use of Altera Corporation's design tools, logic functions 
and other software and tools, and its AMPP partner logic 
functions, and any output files from any of the foregoing 
(including device programming or simulation files), and any 
associated documentation or information are expressly subject 
to the terms and conditions of the Altera Program License 
Subscription Agreement, Altera MegaCore Function License 
Agreement, or other applicable license agreement, including, 
without limitation, that your use is for the sole purpose of 
programming logic devices manufactured by Altera and sold by 
Altera or its authorized distributors.  Please refer to the 
applicable agreement for further details.



+------------------------------------------------------------------------------+
; Analysis & Synthesis Summary                                                 ;
+------------------------------------+-----------------------------------------+
; Analysis & Synthesis Status        ; Successful - Tue Nov 21 08:40:32 2017   ;
; Quartus II Version                 ; 8.1 Build 163 10/28/2008 SJ Web Edition ;
; Revision Name                      ; LiningMachine                           ;
; Top-level Entity Name              ; LiningMachine                           ;
; Family                             ; Cyclone II                              ;
; Total logic elements               ; 177                                     ;
;     Total combinational functions  ; 177                                     ;
;     Dedicated logic registers      ; 40                                      ;
; Total registers                    ; 40                                      ;
; Total pins                         ; 30                                      ;
; Total virtual pins                 ; 0                                       ;
; Total memory bits                  ; 0                                       ;
; Embedded Multiplier 9-bit elements ; 0                                       ;
; Total PLLs                         ; 0                                       ;
+------------------------------------+-----------------------------------------+


+----------------------------------------------------------------------------------------------------------+
; Analysis & Synthesis Settings                                                                            ;
+----------------------------------------------------------------+--------------------+--------------------+
; Option                                                         ; Setting            ; Default Value      ;
+----------------------------------------------------------------+--------------------+--------------------+
; Device                                                         ; EP2C8Q208C8        ;                    ;
; Top-level entity name                                          ; LiningMachine      ; LiningMachine      ;
; Family name                                                    ; Cyclone II         ; Stratix II         ;
; Use Generated Physical Constraints File                        ; Off                ;                    ;
; Use smart compilation                                          ; Off                ; Off                ;
; Restructure Multiplexers                                       ; Auto               ; Auto               ;
; Create Debugging Nodes for IP Cores                            ; Off                ; Off                ;
; Preserve fewer node names                                      ; On                 ; On                 ;
; Disable OpenCore Plus hardware evaluation                      ; Off                ; Off                ;
; Verilog Version                                                ; Verilog_2001       ; Verilog_2001       ;
; VHDL Version                                                   ; VHDL93             ; VHDL93             ;
; State Machine Processing                                       ; Auto               ; Auto               ;
; Safe State Machine                                             ; Off                ; Off                ;
; Extract Verilog State Machines                                 ; On                 ; On                 ;
; Extract VHDL State Machines                                    ; On                 ; On                 ;
; Ignore Verilog initial constructs                              ; Off                ; Off                ;
; Iteration limit for constant Verilog loops                     ; 5000               ; 5000               ;
; Iteration limit for non-constant Verilog loops                 ; 250                ; 250                ;
; Add Pass-Through Logic to Inferred RAMs                        ; On                 ; On                 ;
; Parallel Synthesis                                             ; Off                ; Off                ;
; DSP Block Balancing                                            ; Auto               ; Auto               ;
; NOT Gate Push-Back                                             ; On                 ; On                 ;
; Power-Up Don't Care                                            ; On                 ; On                 ;
; Remove Redundant Logic Cells                                   ; Off                ; Off                ;
; Remove Duplicate Registers                                     ; On                 ; On                 ;
; Ignore CARRY Buffers                                           ; Off                ; Off                ;
; Ignore CASCADE Buffers                                         ; Off                ; Off                ;
; Ignore GLOBAL Buffers                                          ; Off                ; Off                ;
; Ignore ROW GLOBAL Buffers                                      ; Off                ; Off                ;
; Ignore LCELL Buffers                                           ; Off                ; Off                ;
; Ignore SOFT Buffers                                            ; On                 ; On                 ;
; Limit AHDL Integers to 32 Bits                                 ; Off                ; Off                ;
; Optimization Technique                                         ; Balanced           ; Balanced           ;
; Carry Chain Length                                             ; 70                 ; 70                 ;
; Auto Carry Chains                                              ; On                 ; On                 ;
; Auto Open-Drain Pins                                           ; On                 ; On                 ;
; Perform WYSIWYG Primitive Resynthesis                          ; Off                ; Off                ;
; Perform gate-level register retiming                           ; Off                ; Off                ;
; Allow register retiming to trade off Tsu/Tco with Fmax         ; On                 ; On                 ;
; Auto ROM Replacement                                           ; On                 ; On                 ;
; Auto RAM Replacement                                           ; On                 ; On                 ;
; Auto Shift Register Replacement                                ; Auto               ; Auto               ;
; Auto Clock Enable Replacement                                  ; On                 ; On                 ;
; Strict RAM Replacement                                         ; Off                ; Off                ;
; Allow Synchronous Control Signals                              ; On                 ; On                 ;
; Force Use of Synchronous Clear Signals                         ; Off                ; Off                ;
; Auto RAM to Logic Cell Conversion                              ; Off                ; Off                ;
; Auto Resource Sharing                                          ; Off                ; Off                ;
; Allow Any RAM Size For Recognition                             ; Off                ; Off                ;
; Allow Any ROM Size For Recognition                             ; Off                ; Off                ;
; Allow Any Shift Register Size For Recognition                  ; Off                ; Off                ;
; Use LogicLock Constraints during Resource Balancing            ; On                 ; On                 ;
; Ignore translate_off and synthesis_off directives              ; Off                ; Off                ;
; Show Parameter Settings Tables in Synthesis Report             ; On                 ; On                 ;
; Ignore Maximum Fan-Out Assignments                             ; Off                ; Off                ;
; Synchronization Register Chain Length                          ; 2                  ; 2                  ;
; PowerPlay Power Optimization                                   ; Normal compilation ; Normal compilation ;
; HDL message level                                              ; Level2             ; Level2             ;
; Suppress Register Optimization Related Messages                ; Off                ; Off                ;
; Number of Removed Registers Reported in Synthesis Report       ; 100                ; 100                ;
; Number of Inverted Registers Reported in Synthesis Report      ; 100                ; 100                ;
; Clock MUX Protection                                           ; On                 ; On                 ;
; Auto Gated Clock Conversion                                    ; Off                ; Off                ;
; Block Design Naming                                            ; Auto               ; Auto               ;
; SDC constraint protection                                      ; Off                ; Off                ;
; Synthesis Effort                                               ; Auto               ; Auto               ;
; Allows Asynchronous Clear Usage For Shift Register Replacement ; On                 ; On                 ;
; Analysis & Synthesis Message Level                             ; Medium             ; Medium             ;
+----------------------------------------------------------------+--------------------+--------------------+


+--------------------------------------------------------------------------------------------------------------------------------------------------------------------------------------------------------------------------------+
; Analysis & Synthesis Source Files Read                                                                                                                                                                                         ;
+----------------------------------+-----------------+------------------------------------------+--------------------------------------------------------------------------------------------------------------------------------+
; File Name with User-Entered Path ; Used in Netlist ; File Type                                ; File Name with Absolute Path                                                                                                   ;
+----------------------------------+-----------------+------------------------------------------+--------------------------------------------------------------------------------------------------------------------------------+
; LiningMachine.bdf                ; yes             ; User Block Diagram/Schematic File        ; F:/杜高源/大学/大三上/计组课程设计（计算机学院）/201400301007-刘梦源-4班/少点东西/硬布线模型机/LiningMachine/LiningMachine.bdf ;
; REGrs.bdf                        ; yes             ; Auto-Found Block Diagram/Schematic File  ; F:/杜高源/大学/大三上/计组课程设计（计算机学院）/201400301007-刘梦源-4班/少点东西/硬布线模型机/LiningMachine/REGrs.bdf         ;
; ALU2.bdf                         ; yes             ; Auto-Found Block Diagram/Schematic File  ; F:/杜高源/大学/大三上/计组课程设计（计算机学院）/201400301007-刘梦源-4班/少点东西/硬布线模型机/LiningMachine/ALU2.bdf          ;
; selector.bdf                     ; yes             ; Auto-Found Block Diagram/Schematic File  ; F:/杜高源/大学/大三上/计组课程设计（计算机学院）/201400301007-刘梦源-4班/少点东西/硬布线模型机/LiningMachine/selector.bdf      ;
; 74284.bdf                        ; yes             ; Megafunction                             ; c:/altera/81/quartus/libraries/others/maxplus2/74284.bdf                                                                       ;
; 74285.bdf                        ; yes             ; Megafunction                             ; c:/altera/81/quartus/libraries/others/maxplus2/74285.bdf                                                                       ;
; ALU1.bdf                         ; yes             ; Auto-Found Block Diagram/Schematic File  ; F:/杜高源/大学/大三上/计组课程设计（计算机学院）/201400301007-刘梦源-4班/少点东西/硬布线模型机/LiningMachine/ALU1.bdf          ;
; 74181.bdf                        ; yes             ; Megafunction                             ; c:/altera/81/quartus/libraries/others/maxplus2/74181.bdf                                                                       ;
; RNM.bdf                          ; yes             ; Auto-Found Block Diagram/Schematic File  ; F:/杜高源/大学/大三上/计组课程设计（计算机学院）/201400301007-刘梦源-4班/少点东西/硬布线模型机/LiningMachine/RNM.bdf           ;
; RA.bdf                           ; yes             ; Auto-Found Block Diagram/Schematic File  ; F:/杜高源/大学/大三上/计组课程设计（计算机学院）/201400301007-刘梦源-4班/少点东西/硬布线模型机/LiningMachine/RA.bdf            ;
; MA.bdf                           ; yes             ; Auto-Found Block Diagram/Schematic File  ; F:/杜高源/大学/大三上/计组课程设计（计算机学院）/201400301007-刘梦源-4班/少点东西/硬布线模型机/LiningMachine/MA.bdf            ;
; RB.bdf                           ; yes             ; Auto-Found Block Diagram/Schematic File  ; F:/杜高源/大学/大三上/计组课程设计（计算机学院）/201400301007-刘梦源-4班/少点东西/硬布线模型机/LiningMachine/RB.bdf            ;
; PB.bdf                           ; yes             ; Auto-Found Block Diagram/Schematic File  ; F:/杜高源/大学/大三上/计组课程设计（计算机学院）/201400301007-刘梦源-4班/少点东西/硬布线模型机/LiningMachine/PB.bdf            ;
; JP.bdf                           ; yes             ; Auto-Found Block Diagram/Schematic File  ; F:/杜高源/大学/大三上/计组课程设计（计算机学院）/201400301007-刘梦源-4班/少点东西/硬布线模型机/LiningMachine/JP.bdf            ;
; 24DECODER.bdf                    ; yes             ; Auto-Found Block Diagram/Schematic File  ; F:/杜高源/大学/大三上/计组课程设计（计算机学院）/201400301007-刘梦源-4班/少点东西/硬布线模型机/LiningMachine/24DECODER.bdf     ;
; MOD4.bdf                         ; yes             ; Auto-Found Block Diagram/Schematic File  ; F:/杜高源/大学/大三上/计组课程设计（计算机学院）/201400301007-刘梦源-4班/少点东西/硬布线模型机/LiningMachine/MOD4.bdf          ;
; START.bdf                        ; yes             ; Auto-Found Block Diagram/Schematic File  ; F:/杜高源/大学/大三上/计组课程设计（计算机学院）/201400301007-刘梦源-4班/少点东西/硬布线模型机/LiningMachine/START.bdf         ;
; SIGNAL.bdf                       ; yes             ; Auto-Found Block Diagram/Schematic File  ; F:/杜高源/大学/大三上/计组课程设计（计算机学院）/201400301007-刘梦源-4班/少点东西/硬布线模型机/LiningMachine/SIGNAL.bdf        ;
; G.bdf                            ; yes             ; Auto-Found Block Diagram/Schematic File  ; F:/杜高源/大学/大三上/计组课程设计（计算机学院）/201400301007-刘梦源-4班/少点东西/硬布线模型机/LiningMachine/G.bdf             ;
; WNR.bdf                          ; yes             ; Auto-Found Block Diagram/Schematic File  ; F:/杜高源/大学/大三上/计组课程设计（计算机学院）/201400301007-刘梦源-4班/少点东西/硬布线模型机/LiningMachine/WNR.bdf           ;
; TSG.bdf                          ; yes             ; Auto-Found Block Diagram/Schematic File  ; F:/杜高源/大学/大三上/计组课程设计（计算机学院）/201400301007-刘梦源-4班/少点东西/硬布线模型机/LiningMachine/TSG.bdf           ;
; 416DECODER.bdf                   ; yes             ; Auto-Found Block Diagram/Schematic File  ; F:/杜高源/大学/大三上/计组课程设计（计算机学院）/201400301007-刘梦源-4班/少点东西/硬布线模型机/LiningMachine/416DECODER.bdf    ;
; jicunqi.bdf                      ; yes             ; Auto-Found Block Diagram/Schematic File  ; F:/杜高源/大学/大三上/计组课程设计（计算机学院）/201400301007-刘梦源-4班/少点东西/硬布线模型机/LiningMachine/jicunqi.bdf       ;
; CP.bdf                           ; yes             ; Auto-Found Block Diagram/Schematic File  ; F:/杜高源/大学/大三上/计组课程设计（计算机学院）/201400301007-刘梦源-4班/少点东西/硬布线模型机/LiningMachine/CP.bdf            ;
; PREALU.bdf                       ; yes             ; Auto-Found Block Diagram/Schematic File  ; F:/杜高源/大学/大三上/计组课程设计（计算机学院）/201400301007-刘梦源-4班/少点东西/硬布线模型机/LiningMachine/PREALU.bdf        ;
; M.bdf                            ; yes             ; Auto-Found Block Diagram/Schematic File  ; F:/杜高源/大学/大三上/计组课程设计（计算机学院）/201400301007-刘梦源-4班/少点东西/硬布线模型机/LiningMachine/M.bdf             ;
; S3.bdf                           ; yes             ; Auto-Found Block Diagram/Schematic File  ; F:/杜高源/大学/大三上/计组课程设计（计算机学院）/201400301007-刘梦源-4班/少点东西/硬布线模型机/LiningMachine/S3.bdf            ;
; S2.bdf                           ; yes             ; Auto-Found Block Diagram/Schematic File  ; F:/杜高源/大学/大三上/计组课程设计（计算机学院）/201400301007-刘梦源-4班/少点东西/硬布线模型机/LiningMachine/S2.bdf            ;
; S1.bdf                           ; yes             ; Auto-Found Block Diagram/Schematic File  ; F:/杜高源/大学/大三上/计组课程设计（计算机学院）/201400301007-刘梦源-4班/少点东西/硬布线模型机/LiningMachine/S1.bdf            ;
; S0.bdf                           ; yes             ; Auto-Found Block Diagram/Schematic File  ; F:/杜高源/大学/大三上/计组课程设计（计算机学院）/201400301007-刘梦源-4班/少点东西/硬布线模型机/LiningMachine/S0.bdf            ;
; CN.bdf                           ; yes             ; Auto-Found Block Diagram/Schematic File  ; F:/杜高源/大学/大三上/计组课程设计（计算机学院）/201400301007-刘梦源-4班/少点东西/硬布线模型机/LiningMachine/CN.bdf            ;
; MULCAN.bdf                       ; yes             ; Auto-Found Block Diagram/Schematic File  ; F:/杜高源/大学/大三上/计组课程设计（计算机学院）/201400301007-刘梦源-4班/少点东西/硬布线模型机/LiningMachine/MULCAN.bdf        ;
; 74125.bdf                        ; yes             ; Auto-Found Block Diagram/Schematic File  ; F:/杜高源/大学/大三上/计组课程设计（计算机学院）/201400301007-刘梦源-4班/少点东西/硬布线模型机/LiningMachine/74125.bdf         ;
+----------------------------------+-----------------+------------------------------------------+--------------------------------------------------------------------------------------------------------------------------------+


+-----------------------------------------------------------------+
; Analysis & Synthesis Resource Usage Summary                     ;
+---------------------------------------------+-------------------+
; Resource                                    ; Usage             ;
+---------------------------------------------+-------------------+
; Estimated Total logic elements              ; 177               ;
;                                             ;                   ;
; Total combinational functions               ; 177               ;
; Logic element usage by number of LUT inputs ;                   ;
;     -- 4 input functions                    ; 132               ;
;     -- 3 input functions                    ; 21                ;
;     -- <=2 input functions                  ; 24                ;
;                                             ;                   ;
; Logic elements by mode                      ;                   ;
;     -- normal mode                          ; 177               ;
;     -- arithmetic mode                      ; 0                 ;
;                                             ;                   ;
; Total registers                             ; 40                ;
;     -- Dedicated logic registers            ; 40                ;
;     -- I/O registers                        ; 0                 ;
;                                             ;                   ;
; I/O pins                                    ; 30                ;
; Maximum fan-out node                        ; selector:B|inst22 ;
; Maximum fan-out                             ; 27                ;
; Total fan-out                               ; 769               ;
; Average fan-out                             ; 3.11              ;
+---------------------------------------------+-------------------+


+---------------------------------------------------------------------------------------------------------------------------------------------------------------------------------------------------------+
; Analysis & Synthesis Resource Utilization by Entity                                                                                                                                                     ;
+----------------------------+-------------------+--------------+-------------+--------------+---------+-----------+------+--------------+-------------------------------------------------+--------------+
; Compilation Hierarchy Node ; LC Combinationals ; LC Registers ; Memory Bits ; DSP Elements ; DSP 9x9 ; DSP 18x18 ; Pins ; Virtual Pins ; Full Hierarchy Name                             ; Library Name ;
+----------------------------+-------------------+--------------+-------------+--------------+---------+-----------+------+--------------+-------------------------------------------------+--------------+
; |LiningMachine             ; 177 (0)           ; 40 (0)       ; 0           ; 0            ; 0       ; 0         ; 30   ; 0            ; |LiningMachine                                  ; work         ;
;    |416DECODER:inst1|      ; 7 (7)             ; 0 (0)        ; 0           ; 0            ; 0       ; 0         ; 0    ; 0            ; |LiningMachine|416DECODER:inst1                 ; work         ;
;    |ALU2:inst|             ; 106 (0)           ; 0 (0)        ; 0           ; 0            ; 0       ; 0         ; 0    ; 0            ; |LiningMachine|ALU2:inst                        ; work         ;
;       |74284:inst2|        ; 35 (35)           ; 0 (0)        ; 0           ; 0            ; 0       ; 0         ; 0    ; 0            ; |LiningMachine|ALU2:inst|74284:inst2            ; work         ;
;       |74285:inst1|        ; 9 (9)             ; 0 (0)        ; 0           ; 0            ; 0       ; 0         ; 0    ; 0            ; |LiningMachine|ALU2:inst|74285:inst1            ; work         ;
;       |ALU1:inst|          ; 32 (0)            ; 0 (0)        ; 0           ; 0            ; 0       ; 0         ; 0    ; 0            ; |LiningMachine|ALU2:inst|ALU1:inst              ; work         ;
;          |74181:inst23|    ; 16 (16)           ; 0 (0)        ; 0           ; 0            ; 0       ; 0         ; 0    ; 0            ; |LiningMachine|ALU2:inst|ALU1:inst|74181:inst23 ; work         ;
;          |74181:inst|      ; 16 (16)           ; 0 (0)        ; 0           ; 0            ; 0       ; 0         ; 0    ; 0            ; |LiningMachine|ALU2:inst|ALU1:inst|74181:inst   ; work         ;
;       |selector:inst24|    ; 30 (30)           ; 0 (0)        ; 0           ; 0            ; 0       ; 0         ; 0    ; 0            ; |LiningMachine|ALU2:inst|selector:inst24        ; work         ;
;    |CP:inst3|              ; 7 (7)             ; 0 (0)        ; 0           ; 0            ; 0       ; 0         ; 0    ; 0            ; |LiningMachine|CP:inst3                         ; work         ;
;    |JP:inst5|              ; 6 (1)             ; 3 (1)        ; 0           ; 0            ; 0       ; 0         ; 0    ; 0            ; |LiningMachine|JP:inst5                         ; work         ;
;       |24DECODER:inst1|    ; 3 (3)             ; 0 (0)        ; 0           ; 0            ; 0       ; 0         ; 0    ; 0            ; |LiningMachine|JP:inst5|24DECODER:inst1         ; work         ;
;       |MOD4:inst|          ; 2 (2)             ; 2 (2)        ; 0           ; 0            ; 0       ; 0         ; 0    ; 0            ; |LiningMachine|JP:inst5|MOD4:inst               ; work         ;
;    |MULCAN:inst2|          ; 2 (2)             ; 0 (0)        ; 0           ; 0            ; 0       ; 0         ; 0    ; 0            ; |LiningMachine|MULCAN:inst2                     ; work         ;
;    |PREALU:inst8|          ; 24 (0)            ; 0 (0)        ; 0           ; 0            ; 0       ; 0         ; 0    ; 0            ; |LiningMachine|PREALU:inst8                     ; work         ;
;       |CN:inst5|           ; 2 (2)             ; 0 (0)        ; 0           ; 0            ; 0       ; 0         ; 0    ; 0            ; |LiningMachine|PREALU:inst8|CN:inst5            ; work         ;
;       |M:inst|             ; 4 (4)             ; 0 (0)        ; 0           ; 0            ; 0       ; 0         ; 0    ; 0            ; |LiningMachine|PREALU:inst8|M:inst              ; work         ;
;       |S0:inst4|           ; 3 (3)             ; 0 (0)        ; 0           ; 0            ; 0       ; 0         ; 0    ; 0            ; |LiningMachine|PREALU:inst8|S0:inst4            ; work         ;
;       |S1:inst2|           ; 5 (5)             ; 0 (0)        ; 0           ; 0            ; 0       ; 0         ; 0    ; 0            ; |LiningMachine|PREALU:inst8|S1:inst2            ; work         ;
;       |S2:inst3|           ; 4 (4)             ; 0 (0)        ; 0           ; 0            ; 0       ; 0         ; 0    ; 0            ; |LiningMachine|PREALU:inst8|S2:inst3            ; work         ;
;       |S3:inst1|           ; 6 (6)             ; 0 (0)        ; 0           ; 0            ; 0       ; 0         ; 0    ; 0            ; |LiningMachine|PREALU:inst8|S3:inst1            ; work         ;
;    |REGrs:MAR|             ; 0 (0)             ; 8 (8)        ; 0           ; 0            ; 0       ; 0         ; 0    ; 0            ; |LiningMachine|REGrs:MAR                        ; work         ;
;    |REGrs:PC|              ; 0 (0)             ; 8 (8)        ; 0           ; 0            ; 0       ; 0         ; 0    ; 0            ; |LiningMachine|REGrs:PC                         ; work         ;
;    |RNM:inst7|             ; 6 (0)             ; 0 (0)        ; 0           ; 0            ; 0       ; 0         ; 0    ; 0            ; |LiningMachine|RNM:inst7                        ; work         ;
;       |PB:inst2|           ; 2 (2)             ; 0 (0)        ; 0           ; 0            ; 0       ; 0         ; 0    ; 0            ; |LiningMachine|RNM:inst7|PB:inst2               ; work         ;
;       |RA:inst3|           ; 1 (1)             ; 0 (0)        ; 0           ; 0            ; 0       ; 0         ; 0    ; 0            ; |LiningMachine|RNM:inst7|RA:inst3               ; work         ;
;       |RB:inst4|           ; 3 (3)             ; 0 (0)        ; 0           ; 0            ; 0       ; 0         ; 0    ; 0            ; |LiningMachine|RNM:inst7|RB:inst4               ; work         ;
;    |SIGNAL:inst10|         ; 6 (0)             ; 0 (0)        ; 0           ; 0            ; 0       ; 0         ; 0    ; 0            ; |LiningMachine|SIGNAL:inst10                    ; work         ;
;       |G:inst|             ; 1 (1)             ; 0 (0)        ; 0           ; 0            ; 0       ; 0         ; 0    ; 0            ; |LiningMachine|SIGNAL:inst10|G:inst             ; work         ;
;       |WNR:inst2|          ; 5 (5)             ; 0 (0)        ; 0           ; 0            ; 0       ; 0         ; 0    ; 0            ; |LiningMachine|SIGNAL:inst10|WNR:inst2          ; work         ;
;    |START:inst6|           ; 2 (2)             ; 1 (1)        ; 0           ; 0            ; 0       ; 0         ; 0    ; 0            ; |LiningMachine|START:inst6                      ; work         ;
;    |jicunqi:IR|            ; 0 (0)             ; 4 (4)        ; 0           ; 0            ; 0       ; 0         ; 0    ; 0            ; |LiningMachine|jicunqi:IR                       ; work         ;
;    |jicunqi:R0|            ; 0 (0)             ; 8 (8)        ; 0           ; 0            ; 0       ; 0         ; 0    ; 0            ; |LiningMachine|jicunqi:R0                       ; work         ;
;    |jicunqi:R1|            ; 0 (0)             ; 8 (8)        ; 0           ; 0            ; 0       ; 0         ; 0    ; 0            ; |LiningMachine|jicunqi:R1                       ; work         ;
;    |selector:A|            ; 4 (4)             ; 0 (0)        ; 0           ; 0            ; 0       ; 0         ; 0    ; 0            ; |LiningMachine|selector:A                       ; work         ;
;    |selector:B|            ; 7 (7)             ; 0 (0)        ; 0           ; 0            ; 0       ; 0         ; 0    ; 0            ; |LiningMachine|selector:B                       ; work         ;
+----------------------------+-------------------+--------------+-------------+--------------+---------+-----------+------+--------------+-------------------------------------------------+--------------+
Note: For table entries with two numbers listed, the numbers in parentheses indicate the number of resources of the given type used by the specific entity alone. The numbers listed outside of parentheses indicate the total resources of the given type used by the specific entity and all of its sub-entities in the hierarchy.


+------------------------------------------------------+
; General Register Statistics                          ;
+----------------------------------------------+-------+
; Statistic                                    ; Value ;
+----------------------------------------------+-------+
; Total registers                              ; 40    ;
; Number of registers using Synchronous Clear  ; 0     ;
; Number of registers using Synchronous Load   ; 0     ;
; Number of registers using Asynchronous Clear ; 20    ;
; Number of registers using Asynchronous Load  ; 0     ;
; Number of registers using Clock Enable       ; 0     ;
; Number of registers using Preset             ; 0     ;
+----------------------------------------------+-------+


+-------------------------------+
; Analysis & Synthesis Messages ;
+-------------------------------+
Info: *******************************************************************
Info: Running Quartus II Analysis & Synthesis
    Info: Version 8.1 Build 163 10/28/2008 SJ Web Edition
    Info: Processing started: Tue Nov 21 08:40:28 2017
Info: Command: quartus_map --read_settings_files=on --write_settings_files=off LiningMachine -c LiningMachine
Info: Found 1 design units, including 1 entities, in source file LiningMachine.bdf
    Info: Found entity 1: LiningMachine
Info: Elaborating entity "LiningMachine" for the top level hierarchy
Warning: Using design file REGrs.bdf, which is not specified as a design file for the current project, but contains definitions for 1 design units and 1 entities in project
    Info: Found entity 1: REGrs
Info: Elaborating entity "REGrs" for hierarchy "REGrs:MAR"
Warning: Using design file ALU2.bdf, which is not specified as a design file for the current project, but contains definitions for 1 design units and 1 entities in project
    Info: Found entity 1: ALU2
Info: Elaborating entity "ALU2" for hierarchy "ALU2:inst"
Warning: Using design file selector.bdf, which is not specified as a design file for the current project, but contains definitions for 1 design units and 1 entities in project
    Info: Found entity 1: selector
Info: Elaborating entity "selector" for hierarchy "ALU2:inst|selector:inst24"
Info: Elaborating entity "74284" for hierarchy "ALU2:inst|74284:inst2"
Info: Elaborated megafunction instantiation "ALU2:inst|74284:inst2"
Info: Elaborating entity "74285" for hierarchy "ALU2:inst|74285:inst1"
Info: Elaborated megafunction instantiation "ALU2:inst|74285:inst1"
Warning: Using design file ALU1.bdf, which is not specified as a design file for the current project, but contains definitions for 1 design units and 1 entities in project
    Info: Found entity 1: ALU1
Info: Elaborating entity "ALU1" for hierarchy "ALU2:inst|ALU1:inst"
Info: Elaborating entity "74181" for hierarchy "ALU2:inst|ALU1:inst|74181:inst"
Info: Elaborated megafunction instantiation "ALU2:inst|ALU1:inst|74181:inst"
Warning: Using design file RNM.bdf, which is not specified as a design file for the current project, but contains definitions for 1 design units and 1 entities in project
    Info: Found entity 1: RNM
Info: Elaborating entity "RNM" for hierarchy "RNM:inst7"
Warning: Using design file RA.bdf, which is not specified as a design file for the current project, but contains definitions for 1 design units and 1 entities in project
    Info: Found entity 1: RA
Info: Elaborating entity "RA" for hierarchy "RNM:inst7|RA:inst3"
Warning: Using design file MA.bdf, which is not specified as a design file for the current project, but contains definitions for 1 design units and 1 entities in project
    Info: Found entity 1: MA
Info: Elaborating entity "MA" for hierarchy "RNM:inst7|MA:inst"
Warning: Using design file RB.bdf, which is not specified as a design file for the current project, but contains definitions for 1 design units and 1 entities in project
    Info: Found entity 1: RB
Info: Elaborating entity "RB" for hierarchy "RNM:inst7|RB:inst4"
Warning: Using design file PB.bdf, which is not specified as a design file for the current project, but contains definitions for 1 design units and 1 entities in project
    Info: Found entity 1: PB
Info: Elaborating entity "PB" for hierarchy "RNM:inst7|PB:inst2"
Warning: Using design file JP.bdf, which is not specified as a design file for the current project, but contains definitions for 1 design units and 1 entities in project
    Info: Found entity 1: JP
Info: Elaborating entity "JP" for hierarchy "JP:inst5"
Warning: Using design file 24DECODER.bdf, which is not specified as a design file for the current project, but contains definitions for 1 design units and 1 entities in project
    Info: Found entity 1: 24DECODER
Info: Elaborating entity "24DECODER" for hierarchy "JP:inst5|24DECODER:inst1"
Warning: Using design file MOD4.bdf, which is not specified as a design file for the current project, but contains definitions for 1 design units and 1 entities in project
    Info: Found entity 1: MOD4
Info: Elaborating entity "MOD4" for hierarchy "JP:inst5|MOD4:inst"
Warning: Using design file START.bdf, which is not specified as a design file for the current project, but contains definitions for 1 design units and 1 entities in project
    Info: Found entity 1: START
Info: Elaborating entity "START" for hierarchy "START:inst6"
Warning: Using design file SIGNAL.bdf, which is not specified as a design file for the current project, but contains definitions for 1 design units and 1 entities in project
    Info: Found entity 1: SIGNAL
Info: Elaborating entity "SIGNAL" for hierarchy "SIGNAL:inst10"
Warning: Using design file G.bdf, which is not specified as a design file for the current project, but contains definitions for 1 design units and 1 entities in project
    Info: Found entity 1: G
Info: Elaborating entity "G" for hierarchy "SIGNAL:inst10|G:inst"
Warning: Using design file WNR.bdf, which is not specified as a design file for the current project, but contains definitions for 1 design units and 1 entities in project
    Info: Found entity 1: WNR
Info: Elaborating entity "WNR" for hierarchy "SIGNAL:inst10|WNR:inst2"
Warning: Using design file TSG.bdf, which is not specified as a design file for the current project, but contains definitions for 1 design units and 1 entities in project
    Info: Found entity 1: TSG
Info: Elaborating entity "TSG" for hierarchy "SIGNAL:inst10|TSG:inst1"
Warning: Using design file 416DECODER.bdf, which is not specified as a design file for the current project, but contains definitions for 1 design units and 1 entities in project
    Info: Found entity 1: 416DECODER
Info: Elaborating entity "416DECODER" for hierarchy "416DECODER:inst1"
Warning: Using design file jicunqi.bdf, which is not specified as a design file for the current project, but contains definitions for 1 design units and 1 entities in project
    Info: Found entity 1: jicunqi
Info: Elaborating entity "jicunqi" for hierarchy "jicunqi:IR"
Warning: Using design file CP.bdf, which is not specified as a design file for the current project, but contains definitions for 1 design units and 1 entities in project
    Info: Found entity 1: CP
Info: Elaborating entity "CP" for hierarchy "CP:inst3"
Warning: Using design file PREALU.bdf, which is not specified as a design file for the current project, but contains definitions for 1 design units and 1 entities in project
    Info: Found entity 1: PREALU
Info: Elaborating entity "PREALU" for hierarchy "PREALU:inst8"
Warning: Using design file M.bdf, which is not specified as a design file for the current project, but contains definitions for 1 design units and 1 entities in project
    Info: Found entity 1: M
Info: Elaborating entity "M" for hierarchy "PREALU:inst8|M:inst"
Warning: Pin "T4" not connected
Warning: Primitive "NOT" of instance "inst" not used
Warning: Using design file S3.bdf, which is not specified as a design file for the current project, but contains definitions for 1 design units and 1 entities in project
    Info: Found entity 1: S3
Info: Elaborating entity "S3" for hierarchy "PREALU:inst8|S3:inst1"
Warning: Using design file S2.bdf, which is not specified as a design file for the current project, but contains definitions for 1 design units and 1 entities in project
    Info: Found entity 1: S2
Info: Elaborating entity "S2" for hierarchy "PREALU:inst8|S2:inst3"
Warning: Using design file S1.bdf, which is not specified as a design file for the current project, but contains definitions for 1 design units and 1 entities in project
    Info: Found entity 1: S1
Info: Elaborating entity "S1" for hierarchy "PREALU:inst8|S1:inst2"
Warning: Pin "T4" not connected
Warning: Using design file S0.bdf, which is not specified as a design file for the current project, but contains definitions for 1 design units and 1 entities in project
    Info: Found entity 1: S0
Info: Elaborating entity "S0" for hierarchy "PREALU:inst8|S0:inst4"
Warning: Pin "T3" not connected
Warning: Pin "T2" not connected
Warning: Using design file CN.bdf, which is not specified as a design file for the current project, but contains definitions for 1 design units and 1 entities in project
    Info: Found entity 1: CN
Info: Elaborating entity "CN" for hierarchy "PREALU:inst8|CN:inst5"
Warning: Pin "T4" not connected
Warning: Pin "OR" not connected
Warning: Pin "AND" not connected
Warning: Pin "NOT" not connected
Warning: Using design file MULCAN.bdf, which is not specified as a design file for the current project, but contains definitions for 1 design units and 1 entities in project
    Info: Found entity 1: MULCAN
Info: Elaborating entity "MULCAN" for hierarchy "MULCAN:inst2"
Warning: Using design file 74125.bdf, which is not specified as a design file for the current project, but contains definitions for 1 design units and 1 entities in project
    Info: Found entity 1: 74125
Info: Elaborating entity "74125" for hierarchy "74125:inst4"
Info: Ignored 39 buffer(s)
    Info: Ignored 39 SOFT buffer(s)
Warning: Clock multiplexers are found and protected
    Warning: Found clock multiplexer RNM:inst7|RB:inst4|inst8~1
Info: Implemented 244 device resources after synthesis - the final resource count might be different
    Info: Implemented 4 input pins
    Info: Implemented 18 output pins
    Info: Implemented 8 bidirectional pins
    Info: Implemented 214 logic cells
Info: Quartus II Analysis & Synthesis was successful. 0 errors, 40 warnings
    Info: Peak virtual memory: 244 megabytes
    Info: Processing ended: Tue Nov 21 08:40:32 2017
    Info: Elapsed time: 00:00:04
    Info: Total CPU time (on all processors): 00:00:03


